\BOOKMARK [0][-]{chapter.1}{\376\377\000\332\000v\000o\000d}{}% 1
\BOOKMARK [1][-]{section.1.1}{\376\377\000M\000o\000t\000i\000v\000a\000c\000e}{chapter.1}% 2
\BOOKMARK [1][-]{section.1.2}{\376\377\000H\000i\000s\000t\000o\000r\000i\000e}{chapter.1}% 3
\BOOKMARK [0][-]{chapter.2}{\376\377\000P\000o\000p\000i\000s\000\040\000p\000r\000o\000b\000l\000\351\000m\000u\000,\000\040\000s\000p\000e\000c\000i\000f\000i\000k\000a\000c\000e\000\040\000c\000\355\000l\000e}{}% 4
\BOOKMARK [1][-]{section.2.1}{\376\377\000P\000o\000p\000i\000s\000\040\000p\000r\000o\000b\000l\000\351\000m\000u}{chapter.2}% 5
\BOOKMARK [1][-]{section.2.2}{\376\377\000C\000\355\000l\000e\000\040\000p\000r\000\341\000c\000e}{chapter.2}% 6
\BOOKMARK [1][-]{section.2.3}{\376\377\000R\000e\001\141\000e\000r\001\141\000e}{chapter.2}% 7
\BOOKMARK [2][-]{subsection.2.3.1}{\376\377\000A\000m\000a\000z\000o\000n}{section.2.3}% 8
\BOOKMARK [2][-]{subsection.2.3.2}{\376\377\000G\000o\000o\000g\000l\000e\000\040\000B\000o\000o\000k\000s}{section.2.3}% 9
\BOOKMARK [2][-]{subsection.2.3.3}{\376\377\000G\000o\000o\000g\000l\000e\000\040\000P\000l\000a\000y\000\040\000B\000o\000o\000k\000s}{section.2.3}% 10
\BOOKMARK [2][-]{subsection.2.3.4}{\376\377\000P\000a\000l\000m\000k\000n\000i\000h\000y}{section.2.3}% 11
\BOOKMARK [0][-]{chapter.3}{\376\377\000A\000n\000a\000l\000\375\000z\000a}{}% 12
\BOOKMARK [1][-]{section.3.1}{\376\377\000U\001\176\000i\000v\000a\000t\000e\000l\000\351}{chapter.3}% 13
\BOOKMARK [2][-]{subsection.3.1.1}{\376\377\000U\001\176\000i\000v\000a\000t\000e\000l\000s\000k\000\351\000\040\000r\000o\000l\000e}{section.3.1}% 14
\BOOKMARK [1][-]{section.3.2}{\376\377\000P\000o\001\176\000a\000d\000a\000v\000k\000y}{chapter.3}% 15
\BOOKMARK [2][-]{subsection.3.2.1}{\376\377\000F\000u\000n\000k\001\015\000n\000\355\000\040\000p\000o\001\176\000a\000d\000a\000v\000k\000y}{section.3.2}% 16
\BOOKMARK [2][-]{subsection.3.2.2}{\376\377\000N\000e\000f\000u\000n\000k\001\015\000n\000\355\000\040\000p\000o\001\176\000a\000d\000a\000v\000k\000y}{section.3.2}% 17
\BOOKMARK [1][-]{section.3.3}{\376\377\000P\001\131\000\355\000p\000a\000d\000y\000\040\000u\001\176\000i\000t\000\355}{chapter.3}% 18
\BOOKMARK [0][-]{chapter.4}{\376\377\000I\000m\000p\000l\000e\000m\000e\000n\000t\000a\000c\000e}{}% 19
\BOOKMARK [1][-]{section.4.1}{\376\377\000T\000e\000c\000h\000n\000o\000l\000o\000g\000i\000e}{chapter.4}% 20
\BOOKMARK [2][-]{subsection.4.1.1}{\376\377\000S\000e\000r\000v\000e\000r}{section.4.1}% 21
\BOOKMARK [2][-]{subsection.4.1.2}{\376\377\000P\000r\000o\000g\000r\000a\000m\000o\000v\000a\000c\000\355\000\040\000j\000a\000z\000y\000k\000\040\000a\000\040\000f\000r\000a\000m\000e\000w\000o\000r\000k}{section.4.1}% 22
\BOOKMARK [2][-]{subsection.4.1.3}{\376\377\000D\000a\000t\000a\000b\000\341\000z\000e}{section.4.1}% 23
\BOOKMARK [0][-]{chapter.5}{\376\377\000T\000e\000s\000t\000o\000v\000\341\000n\000\355}{}% 24
\BOOKMARK [0][-]{chapter.6}{\376\377\000Z\000\341\000v\001\033\000r}{}% 25
